<?xml version="1.0" encoding="UTF-8"?>
<!-- Generated by org.testng.reporters.JUnitXMLReporter -->
<testsuite ignored="0" hostname="DESKTOP-MUIHMR2" failures="0" tests="3" name="Default test" time="2.255" errors="0" timestamp="2022-10-10T13:43:00 IST">
  <testcase classname="cimbapiautomation.RestAssuredCimbTest" name="VerifyResponseCode" time="1.275"/>
  <testcase classname="cimbapiautomation.RestAssuredCimbTest" name="VerifyResponseBody" time="0.305"/>
  <testcase classname="cimbapiautomation.RestAssuredCimbTest" name="VerifyResponseTime" time="0.347"/>
</testsuite> <!-- Default test -->
