<?xml version="1.0" encoding="UTF-8"?>
<testng-results ignored="0" total="3" passed="3" failed="0" skipped="0">
  <reporter-output>
  </reporter-output>
  <suite started-at="2022-10-10T13:42:58 IST" name="Default suite" finished-at="2022-10-10T13:43:00 IST" duration-ms="2255">
    <groups>
    </groups>
    <test started-at="2022-10-10T13:42:58 IST" name="Default test" finished-at="2022-10-10T13:43:00 IST" duration-ms="2255">
      <class name="cimbapiautomation.RestAssuredCimbTest">
        <test-method is-config="true" signature="setup()[pri:0, instance:cimbapiautomation.RestAssuredCimbTest@68d279ec]" started-at="2022-10-10T13:42:58 IST" name="setup" finished-at="2022-10-10T13:42:58 IST" duration-ms="259" status="PASS">
          <reporter-output>
          </reporter-output>
        </test-method> <!-- setup -->
        <test-method signature="VerifyResponseCode()[pri:1, instance:cimbapiautomation.RestAssuredCimbTest@68d279ec]" started-at="2022-10-10T13:42:58 IST" name="VerifyResponseCode" finished-at="2022-10-10T13:42:59 IST" duration-ms="1275" status="PASS">
          <reporter-output>
          </reporter-output>
        </test-method> <!-- VerifyResponseCode -->
        <test-method signature="VerifyResponseBody()[pri:2, instance:cimbapiautomation.RestAssuredCimbTest@68d279ec]" started-at="2022-10-10T13:42:59 IST" name="VerifyResponseBody" finished-at="2022-10-10T13:42:59 IST" duration-ms="305" status="PASS">
          <reporter-output>
          </reporter-output>
        </test-method> <!-- VerifyResponseBody -->
        <test-method signature="VerifyResponseTime()[pri:3, instance:cimbapiautomation.RestAssuredCimbTest@68d279ec]" started-at="2022-10-10T13:42:59 IST" name="VerifyResponseTime" finished-at="2022-10-10T13:43:00 IST" duration-ms="347" status="PASS">
          <reporter-output>
          </reporter-output>
        </test-method> <!-- VerifyResponseTime -->
      </class> <!-- cimbapiautomation.RestAssuredCimbTest -->
    </test> <!-- Default test -->
  </suite> <!-- Default suite -->
</testng-results>
